#
# A fatal error has been detected by the Java Runtime Environment:
#
#  SIGSEGV (0xb) at pc=0x0000000105761559, pid=57895, tid=0x0000000000002f03
#
# JRE version: OpenJDK Runtime Environment (Zulu 8.58.0.13-CA-macosx) (8.0_312-b07) (build 1.8.0_312-b07)
# Java VM: OpenJDK 64-Bit Server VM (25.312-b07 mixed mode bsd-amd64 compressed oops)
# Problematic frame:
# V  [libjvm.dylib+0x4c6559]  void PSParallelCompact::mark_and_push<unsigned int>(ParCompactionManager*, unsigned int*)+0x4d
#
# Failed to write core dump. Core dumps have been disabled. To enable core dumping, try "ulimit -c unlimited" before starting Java again
#
# If you would like to submit a bug report, please visit:
#   http://www.azul.com/support/
#

---------------  T H R E A D  ---------------

Current thread (0x00007fda6700f000):  GCTaskThread [stack: 0x000070000cec0000,0x000070000cfc0000] [id=12035]

siginfo: si_signo: 11 (SIGSEGV), si_code: 0 (unknown), si_addr: 0x0000000000000000

Registers:
RAX=0x0000000115617000, RBX=0x0000000000000080, RCX=0x007ffffffc380000, RDX=0x1fffffff0e000010
RSP=0x000070000cfbfbe0, RBP=0x000070000cfbfc00, RSI=0x00000007bc10f0a8, RDI=0x00007fda66b03260
R8 =0x0000000000000582, R9 =0x00000001059bef93, R10=0x0000000116d1b3c0, R11=0x0000000000002000
R12=0x00007fda66b03260, R13=0x00000007c0009448, R14=0x00000007bc10f0c0, R15=0x00000007bc10f068
RIP=0x0000000105761559, EFLAGS=0x0000000000010206, ERR=0x0000000000000000
  TRAPNO=0x000000000000000d

Top of Stack: (sp=0x000070000cfbfbe0)
0x000070000cfbfbe0:   24a0010008004002 00000007bc10f0a8
0x000070000cfbfbf0:   00000007bc10f0c0 00000007bc10f068
0x000070000cfbfc00:   000070000cfbfc50 000000010553db09
0x000070000cfbfc10:   00007fda66b03260 0000000000000000
0x000070000cfbfc20:   00000007c0009450 00007fda66b032d8
0x000070000cfbfc30:   000070000cfbfda8 00007fda66b03260
0x000070000cfbfc40:   00000001059ada98 00007fda66b03268
0x000070000cfbfc50:   000070000cfbfd00 000000010576f330
0x000070000cfbfc60:   00000007bc10f068 0000000000000000
0x000070000cfbfc70:   0000000000000000 00007fda66b03320
0x000070000cfbfc80:   00007fda66b03260 0000000000000018
0x000070000cfbfc90:   000070000cfbfcc0 00007fda66b032d8
0x000070000cfbfca0:   00007fda66b03390 00007fda64c16e38
0x000070000cfbfcb0:   000000000000001f 000070000cfbfda8
0x000070000cfbfcc0:   000070000cfbfd00 00000001055df2f4
0x000070000cfbfcd0:   00007fda66b00ca0 00007fda66900260
0x000070000cfbfce0:   000070000cfbfda8 00000001058bbc50
0x000070000cfbfcf0:   00007fda66b03260 0000000000000001
0x000070000cfbfd00:   000070000cfbfde0 00000001057609a3
0x000070000cfbfd10:   00007fda64e02684 000000007fffff80
0x000070000cfbfd20:   0000000000000000 00007fda64e02668
0x000070000cfbfd30:   000070000cfbfd80 00007fff6686fcaa
0x000070000cfbfd40:   00007fda64e02668 000000006700f000
0x000070000cfbfd50:   00007fda00000000 00007fda64e02668
0x000070000cfbfd60:   00007fda66900260 0000000105897c4e
0x000070000cfbfd70:   00007fda64e02628 0000000000000001
0x000070000cfbfd80:   000070000cfbfdb0 000000010573c673
0x000070000cfbfd90:   00000001059940b8 00007fda64d07000
0x000070000cfbfda0:   000070000cfbfda8 0000000105994088
0x000070000cfbfdb0:   000070000cfbfd00 00007fda66b03260
0x000070000cfbfdc0:   00007fda6700f000 00007fda66900260
0x000070000cfbfdd0:   0000000000000000 0000000000000001 

Instructions: (pc=0x0000000105761559)
0x0000000105761539:   89 da 48 2b 10 48 c1 ea 03 48 8d 0d 2f be 23 00
0x0000000105761549:   8a 09 48 d3 ea 48 8b 40 30 48 89 d1 48 c1 e9 06
0x0000000105761559:   48 8b 04 c8 48 0f a3 d0 0f 82 1b 01 00 00 49 89
0x0000000105761569:   fe 48 8d 05 20 da 25 00 8a 10 84 d2 74 15 8b 7b 

Register to memory mapping:

RAX=0x0000000115617000 is an unknown value
RBX=0x0000000000000080 is an unknown value
RCX=0x007ffffffc380000 is an unknown value
RDX=0x1fffffff0e000010 is an unknown value
RSP=0x000070000cfbfbe0 is an unknown value
RBP=0x000070000cfbfc00 is an unknown value
RSI=0x00000007bc10f0a8 is an oop

[error occurred during error reporting (printing register info), id 0xb]

Stack: [0x000070000cec0000,0x000070000cfc0000],  sp=0x000070000cfbfbe0,  free space=1022k
Native frames: (J=compiled Java code, j=interpreted, Vv=VM code, C=native code)
V  [libjvm.dylib+0x4c6559]  void PSParallelCompact::mark_and_push<unsigned int>(ParCompactionManager*, unsigned int*)+0x4d
V  [libjvm.dylib+0x2a2b09]  InstanceKlass::oop_follow_contents(ParCompactionManager*, oopDesc*)+0xbf
V  [libjvm.dylib+0x4d4330]  ParCompactionManager::follow_marking_stacks()+0xe2
V  [libjvm.dylib+0x4c59a3]  MarkFromRootsTask::do_it(GCTaskManager*, unsigned int)+0x197
V  [libjvm.dylib+0x262167]  GCTaskThread::run()+0x135
V  [libjvm.dylib+0x49f1f7]  java_start(Thread*)+0xfa
C  [libsystem_pthread.dylib+0x32eb]  _pthread_body+0x7e
C  [libsystem_pthread.dylib+0x6249]  _pthread_start+0x42
C  [libsystem_pthread.dylib+0x240d]  thread_start+0xd


---------------  P R O C E S S  ---------------

Java Threads: ( => current thread )
  0x00007fda65173800 JavaThread "/0:0:0:0:0:0:0:1:55334 to /0:0:0:0:0:0:0:1:55332 workers Thread 3" [_thread_in_native, id=42243, stack(0x000070000e0f6000,0x000070000e1f6000)]
  0x00007fda65172000 JavaThread "/0:0:0:0:0:0:0:1:55334 to /0:0:0:0:0:0:0:1:55332 workers Thread 2" [_thread_blocked, id=42499, stack(0x000070000dff3000,0x000070000e0f3000)]
  0x00007fda6516f800 JavaThread "Test worker" [_thread_blocked, id=22787, stack(0x000070000def0000,0x000070000dff0000)]
  0x00007fda68818000 JavaThread "Service Thread" daemon [_thread_blocked, id=22275, stack(0x000070000dcea000,0x000070000ddea000)]
  0x00007fda65818000 JavaThread "C1 CompilerThread2" daemon [_thread_blocked, id=22019, stack(0x000070000dbe7000,0x000070000dce7000)]
  0x00007fda65817000 JavaThread "C2 CompilerThread1" daemon [_thread_blocked, id=15875, stack(0x000070000dae4000,0x000070000dbe4000)]
  0x00007fda65816800 JavaThread "C2 CompilerThread0" daemon [_thread_blocked, id=16387, stack(0x000070000d9e1000,0x000070000dae1000)]
  0x00007fda65814800 JavaThread "JDWP Command Reader" daemon [_thread_in_native, id=15363, stack(0x000070000d8de000,0x000070000d9de000)]
  0x00007fda65813800 JavaThread "JDWP Event Helper Thread" daemon [_thread_blocked, id=16643, stack(0x000070000d7db000,0x000070000d8db000)]
  0x00007fda65813000 JavaThread "JDWP Transport Listener: dt_socket" daemon [_thread_blocked, id=14855, stack(0x000070000d6d8000,0x000070000d7d8000)]
  0x00007fda67816800 JavaThread "Signal Dispatcher" daemon [_thread_blocked, id=17411, stack(0x000070000d5d5000,0x000070000d6d5000)]
  0x00007fda65810000 JavaThread "Finalizer" daemon [_thread_blocked, id=18947, stack(0x000070000d4d2000,0x000070000d5d2000)]
  0x00007fda6580d000 JavaThread "Reference Handler" daemon [_thread_blocked, id=19459, stack(0x000070000d3cf000,0x000070000d4cf000)]
  0x00007fda67006000 JavaThread "main" [_thread_blocked, id=6403, stack(0x000070000c9b1000,0x000070000cab1000)]

Other Threads:
  0x00007fda6800c000 VMThread [stack: 0x000070000d2cc000,0x000070000d3cc000] [id=13059]
  0x00007fda68819000 WatcherThread [stack: 0x000070000dded000,0x000070000deed000] [id=43011]

=>0x00007fda6700f000 (exited) GCTaskThread [stack: 0x000070000cec0000,0x000070000cfc0000] [id=12035]

VM state:at safepoint (normal execution)

VM Mutex/Monitor currently owned by a thread:  ([mutex/lock_event])
[0x00007fda66802430] Threads_lock - owner thread: 0x00007fda6800c000
[0x00007fda66802930] Heap_lock - owner thread: 0x00007fda6516f800

heap address: 0x0000000790000000, size: 768 MB, Compressed Oops mode: Zero based, Oop shift amount: 3
Narrow klass base: 0x0000000000000000, Narrow klass shift: 3
Compressed class space size: 1073741824 Address: 0x00000007c0000000

Heap:
 PSYoungGen      total 229376K, used 14363K [0x00000007b0000000, 0x00000007c0000000, 0x00000007c0000000)
  eden space 196608K, 0% used [0x00000007b0000000,0x00000007b0000000,0x00000007bc000000)
  from space 32768K, 43% used [0x00000007bc000000,0x00000007bce06d60,0x00000007be000000)
  to   space 32768K, 0% used [0x00000007be000000,0x00000007be000000,0x00000007c0000000)
 ParOldGen       total 524288K, used 32K [0x0000000790000000, 0x00000007b0000000, 0x00000007b0000000)
  object space 524288K, 0% used [0x0000000790000000,0x0000000790008000,0x00000007b0000000)
 Metaspace       used 20667K, capacity 21176K, committed 21296K, reserved 1069056K
  class space    used 2495K, capacity 2659K, committed 2688K, reserved 1048576K

Card table byte_map: [0x0000000115496000,0x0000000115617000] byte_map_base: 0x0000000111816000

Marking Bits: (ParMarkBitMap*) 0x00000001059c6948
 Begin Bits: [0x0000000115617000, 0x0000000116217000)
 End Bits:   [0x0000000116217000, 0x0000000116e17000)

Polling page: 0x0000000105000000

CodeCache: size=245760Kb used=5750Kb max_used=5750Kb free=240009Kb
 bounds [0x00000001060d6000, 0x0000000106676000, 0x00000001150d6000]
 total_blobs=2643 nmethods=2020 adapters=543
 compilation: enabled

Compilation events (10 events):
Event: 2.976 Thread 0x00007fda65818000 nmethod 2019 0x0000000106635510 code [0x00000001066356c0, 0x00000001066359a8]
Event: 2.976 Thread 0x00007fda65818000 2020       1       groovyjarjarantlr.CommonAST::initialize (17 bytes)
Event: 2.976 Thread 0x00007fda65818000 nmethod 2020 0x0000000106635b10 code [0x0000000106635c80, 0x0000000106635de8]
Event: 2.976 Thread 0x00007fda65818000 2016   !   1       org.codehaus.groovy.antlr.parser.GroovyLexer$1::nextToken (274 bytes)
Event: 2.977 Thread 0x00007fda65818000 nmethod 2016 0x0000000106635e90 code [0x00000001066360e0, 0x00000001066367e8]
Event: 2.977 Thread 0x00007fda65818000 2024   !   1       org.codehaus.groovy.antlr.parser.GroovyLexer::nextToken (2683 bytes)
Event: 3.018 Thread 0x00007fda65818000 nmethod 2024 0x0000000106637010 code [0x0000000106638b80, 0x0000000106651f58]
Event: 3.018 Thread 0x00007fda65818000 2027       1       org.codehaus.groovy.control.ResolveVisitor::resolveFromModule (538 bytes)
Event: 3.020 Thread 0x00007fda65818000 nmethod 2027 0x00000001066706d0 code [0x0000000106670b60, 0x0000000106671fa8]
Event: 3.020 Thread 0x00007fda65818000 2026       1       org.codehaus.groovy.control.ResolveVisitor::resolveNestedClass (218 bytes)

GC Heap History (7 events):
Event: 1.933 GC heap before
{Heap before GC invocations=1 (full 0):
 PSYoungGen      total 229376K, used 196608K [0x00000007b0000000, 0x00000007c0000000, 0x00000007c0000000)
  eden space 196608K, 100% used [0x00000007b0000000,0x00000007bc000000,0x00000007bc000000)
  from space 32768K, 0% used [0x00000007be000000,0x00000007be000000,0x00000007c0000000)
  to   space 32768K, 0% used [0x00000007bc000000,0x00000007bc000000,0x00000007be000000)
 ParOldGen       total 524288K, used 0K [0x0000000790000000, 0x00000007b0000000, 0x00000007b0000000)
  object space 524288K, 0% used [0x0000000790000000,0x0000000790000000,0x00000007b0000000)
 Metaspace       used 15742K, capacity 16080K, committed 16384K, reserved 1062912K
  class space    used 1853K, capacity 1958K, committed 2048K, reserved 1048576K
Event: 1.945 GC heap after
Heap after GC invocations=1 (full 0):
 PSYoungGen      total 229376K, used 13611K [0x00000007b0000000, 0x00000007c0000000, 0x00000007c0000000)
  eden space 196608K, 0% used [0x00000007b0000000,0x00000007b0000000,0x00000007bc000000)
  from space 32768K, 41% used [0x00000007bc000000,0x00000007bcd4af78,0x00000007be000000)
  to   space 32768K, 0% used [0x00000007be000000,0x00000007be000000,0x00000007c0000000)
 ParOldGen       total 524288K, used 16K [0x0000000790000000, 0x00000007b0000000, 0x00000007b0000000)
  object space 524288K, 0% used [0x0000000790000000,0x0000000790004000,0x00000007b0000000)
 Metaspace       used 15742K, capacity 16080K, committed 16384K, reserved 1062912K
  class space    used 1853K, capacity 1958K, committed 2048K, reserved 1048576K
}
Event: 2.635 GC heap before
{Heap before GC invocations=2 (full 0):
 PSYoungGen      total 229376K, used 210219K [0x00000007b0000000, 0x00000007c0000000, 0x00000007c0000000)
  eden space 196608K, 100% used [0x00000007b0000000,0x00000007bc000000,0x00000007bc000000)
  from space 32768K, 41% used [0x00000007bc000000,0x00000007bcd4af78,0x00000007be000000)
  to   space 32768K, 0% used [0x00000007be000000,0x00000007be000000,0x00000007c0000000)
 ParOldGen       total 524288K, used 16K [0x0000000790000000, 0x00000007b0000000, 0x00000007b0000000)
  object space 524288K, 0% used [0x0000000790000000,0x0000000790004000,0x00000007b0000000)
 Metaspace       used 18763K, capacity 19156K, committed 19328K, reserved 1067008K
  class space    used 2228K, capacity 2340K, committed 2432K, reserved 1048576K
Event: 2.646 GC heap after
Heap after GC invocations=2 (full 0):
 PSYoungGen      total 229376K, used 12493K [0x00000007b0000000, 0x00000007c0000000, 0x00000007c0000000)
  eden space 196608K, 0% used [0x00000007b0000000,0x00000007b0000000,0x00000007bc000000)
  from space 32768K, 38% used [0x00000007be000000,0x00000007bec33458,0x00000007c0000000)
  to   space 32768K, 0% used [0x00000007bc000000,0x00000007bc000000,0x00000007be000000)
 ParOldGen       total 524288K, used 24K [0x0000000790000000, 0x00000007b0000000, 0x00000007b0000000)
  object space 524288K, 0% used [0x0000000790000000,0x0000000790006000,0x00000007b0000000)
 Metaspace       used 18763K, capacity 19156K, committed 19328K, reserved 1067008K
  class space    used 2228K, capacity 2340K, committed 2432K, reserved 1048576K
}
Event: 3.021 GC heap before
{Heap before GC invocations=3 (full 0):
 PSYoungGen      total 229376K, used 103117K [0x00000007b0000000, 0x00000007c0000000, 0x00000007c0000000)
  eden space 196608K, 46% used [0x00000007b0000000,0x00000007b58801a8,0x00000007bc000000)
  from space 32768K, 38% used [0x00000007be000000,0x00000007bec33458,0x00000007c0000000)
  to   space 32768K, 0% used [0x00000007bc000000,0x00000007bc000000,0x00000007be000000)
 ParOldGen       total 524288K, used 24K [0x0000000790000000, 0x00000007b0000000, 0x00000007b0000000)
  object space 524288K, 0% used [0x0000000790000000,0x0000000790006000,0x00000007b0000000)
 Metaspace       used 20667K, capacity 21176K, committed 21296K, reserved 1069056K
  class space    used 2495K, capacity 2659K, committed 2688K, reserved 1048576K
Event: 3.030 GC heap after
Heap after GC invocations=3 (full 0):
 PSYoungGen      total 229376K, used 14363K [0x00000007b0000000, 0x00000007c0000000, 0x00000007c0000000)
  eden space 196608K, 0% used [0x00000007b0000000,0x00000007b0000000,0x00000007bc000000)
  from space 32768K, 43% used [0x00000007bc000000,0x00000007bce06d60,0x00000007be000000)
  to   space 32768K, 0% used [0x00000007be000000,0x00000007be000000,0x00000007c0000000)
 ParOldGen       total 524288K, used 32K [0x0000000790000000, 0x00000007b0000000, 0x00000007b0000000)
  object space 524288K, 0% used [0x0000000790000000,0x0000000790008000,0x00000007b0000000)
 Metaspace       used 20667K, capacity 21176K, committed 21296K, reserved 1069056K
  class space    used 2495K, capacity 2659K, committed 2688K, reserved 1048576K
}
Event: 3.030 GC heap before
{Heap before GC invocations=4 (full 1):
 PSYoungGen      total 229376K, used 14363K [0x00000007b0000000, 0x00000007c0000000, 0x00000007c0000000)
  eden space 196608K, 0% used [0x00000007b0000000,0x00000007b0000000,0x00000007bc000000)
  from space 32768K, 43% used [0x00000007bc000000,0x00000007bce06d60,0x00000007be000000)
  to   space 32768K, 0% used [0x00000007be000000,0x00000007be000000,0x00000007c0000000)
 ParOldGen       total 524288K, used 32K [0x0000000790000000, 0x00000007b0000000, 0x00000007b0000000)
  object space 524288K, 0% used [0x0000000790000000,0x0000000790008000,0x00000007b0000000)
 Metaspace       used 20667K, capacity 21176K, committed 21296K, reserved 1069056K
  class space    used 2495K, capacity 2659K, committed 2688K, reserved 1048576K

Deoptimization events (0 events):
No events

Classes redefined (0 events):
No events

Internal exceptions (10 events):
Event: 2.951 Thread 0x00007fda6516f800 Exception <a 'java/lang/ClassNotFoundException': ch/qos/logback/core/boolex/EventEvaluatorBeanInfo> (0x00000007b42143f0) thrown at [/Users/tester/jenkins/workspace/zulu8-build-macosx/zulu-src/hotspot/src/share/vm/classfile/systemDictionary.cpp, line 220]
Event: 2.952 Thread 0x00007fda6516f800 Exception <a 'java/lang/ClassNotFoundException': ch/qos/logback/core/boolex/EventEvaluatorCustomizer> (0x00000007b424ea68) thrown at [/Users/tester/jenkins/workspace/zulu8-build-macosx/zulu-src/hotspot/src/share/vm/classfile/systemDictionary.cpp, line 220
Event: 2.955 Thread 0x00007fda6516f800 Exception <a 'java/lang/ClassNotFoundException': groovy/lang/MetaBeanPropertyBeanInfo> (0x00000007b42e0358) thrown at [/Users/tester/jenkins/workspace/zulu8-build-macosx/zulu-src/hotspot/src/share/vm/classfile/systemDictionary.cpp, line 220]
Event: 2.956 Thread 0x00007fda6516f800 Exception <a 'java/lang/ClassNotFoundException': groovy/lang/MetaPropertyBeanInfo> (0x00000007b4326ce0) thrown at [/Users/tester/jenkins/workspace/zulu8-build-macosx/zulu-src/hotspot/src/share/vm/classfile/systemDictionary.cpp, line 220]
Event: 2.956 Thread 0x00007fda6516f800 Exception <a 'java/lang/ClassNotFoundException': groovy/lang/MetaPropertyCustomizer> (0x00000007b436d750) thrown at [/Users/tester/jenkins/workspace/zulu8-build-macosx/zulu-src/hotspot/src/share/vm/classfile/systemDictionary.cpp, line 220]
Event: 2.957 Thread 0x00007fda6516f800 Exception <a 'java/lang/ClassNotFoundException': groovy/lang/MetaBeanPropertyCustomizer> (0x00000007b43bd090) thrown at [/Users/tester/jenkins/workspace/zulu8-build-macosx/zulu-src/hotspot/src/share/vm/classfile/systemDictionary.cpp, line 220]
Event: 2.960 Thread 0x00007fda6516f800 Exception <a 'java/lang/ClassNotFoundException': ch/qos/logback/core/joran/util/StringToObjectConverterBeanInfo> (0x00000007b443fbc0) thrown at [/Users/tester/jenkins/workspace/zulu8-build-macosx/zulu-src/hotspot/src/share/vm/classfile/systemDictionary.cp
Event: 2.961 Thread 0x00007fda6516f800 Exception <a 'java/lang/ClassNotFoundException': ch/qos/logback/core/joran/util/StringToObjectConverterCustomizer> (0x00000007b4483320) thrown at [/Users/tester/jenkins/workspace/zulu8-build-macosx/zulu-src/hotspot/src/share/vm/classfile/systemDictionary.
Event: 2.964 Thread 0x00007fda6516f800 Exception <a 'java/lang/ClassNotFoundException': ch/qos/logback/core/joran/spi/NoAutoStartUtilBeanInfo> (0x00000007b4543bc0) thrown at [/Users/tester/jenkins/workspace/zulu8-build-macosx/zulu-src/hotspot/src/share/vm/classfile/systemDictionary.cpp, line 2
Event: 2.965 Thread 0x00007fda6516f800 Exception <a 'java/lang/ClassNotFoundException': ch/qos/logback/core/joran/spi/NoAutoStartUtilCustomizer> (0x00000007b4580200) thrown at [/Users/tester/jenkins/workspace/zulu8-build-macosx/zulu-src/hotspot/src/share/vm/classfile/systemDictionary.cpp, line

Events (10 events):
Event: 3.020 Thread 0x00007fda6516f800 DEOPT UNPACKING pc=0x000000010611d5c4 sp=0x000070000dfe4d80 mode 1
Event: 3.020 loading class org/codehaus/groovy/runtime/memoize/Memoize$SoftReferenceMemoizeFunction
Event: 3.020 loading class org/codehaus/groovy/runtime/memoize/Memoize$SoftReferenceMemoizeFunction done
Event: 3.020 Thread 0x00007fda6516f800 DEOPT PACKING pc=0x000000010623e851 sp=0x000070000dfe4e50
Event: 3.020 Thread 0x00007fda6516f800 DEOPT UNPACKING pc=0x000000010611d5c4 sp=0x000070000dfe4bc0 mode 1
Event: 3.020 Thread 0x00007fda6516f800 DEOPT PACKING pc=0x000000010622edc4 sp=0x000070000dfe4ed0
Event: 3.020 Thread 0x00007fda6516f800 DEOPT UNPACKING pc=0x000000010611d5c4 sp=0x000070000dfe4d10 mode 1
Event: 3.020 Thread 0x00007fda6516f800 DEOPT PACKING pc=0x000000010622ed0c sp=0x000070000dfe5060
Event: 3.020 Thread 0x00007fda6516f800 DEOPT UNPACKING pc=0x000000010611d5c4 sp=0x000070000dfe4ea0 mode 1
Event: 3.021 Executing VM operation: CollectForMetadataAllocation


Dynamic libraries:
0x00007fff39e12000 	/System/Library/Frameworks/Cocoa.framework/Versions/A/Cocoa
0x00007fff45be1000 	/System/Library/Frameworks/Security.framework/Versions/A/Security
0x00007fff38aa4000 	/System/Library/Frameworks/ApplicationServices.framework/Versions/A/ApplicationServices
0x00007fff65d06000 	/usr/lib/libz.1.dylib
0x00007fff6365c000 	/usr/lib/libSystem.B.dylib
0x00007fff3a687000 	/System/Library/Frameworks/CoreFoundation.framework/Versions/A/CoreFoundation
0x00007fff3c90f000 	/System/Library/Frameworks/Foundation.framework/Versions/C/Foundation
0x00007fff64e96000 	/usr/lib/libobjc.A.dylib
0x00007fff37c9d000 	/System/Library/Frameworks/AppKit.framework/Versions/C/AppKit
0x00007fff3a210000 	/System/Library/Frameworks/CoreData.framework/Versions/A/CoreData
0x00007fff5d121000 	/System/Library/PrivateFrameworks/RemoteViewServices.framework/Versions/A/RemoteViewServices
0x00007fff61398000 	/System/Library/PrivateFrameworks/UIFoundation.framework/Versions/A/UIFoundation
0x00007fff62a7d000 	/System/Library/PrivateFrameworks/XCTTargetBootstrap.framework/Versions/A/XCTTargetBootstrap
0x00007fff3a596000 	/System/Library/Frameworks/CoreDisplay.framework/Versions/A/CoreDisplay
0x00007fff57e32000 	/System/Library/PrivateFrameworks/IconServices.framework/Versions/A/IconServices
0x00007fff3f246000 	/System/Library/Frameworks/Metal.framework/Versions/A/Metal
0x00007fff4f370000 	/System/Library/PrivateFrameworks/DesktopServicesPriv.framework/Versions/A/DesktopServicesPriv
0x00007fff641f9000 	/usr/lib/libenergytrace.dylib
0x00007fff5f880000 	/System/Library/PrivateFrameworks/SkyLight.framework/Versions/A/SkyLight
0x00007fff3aacf000 	/System/Library/Frameworks/CoreGraphics.framework/Versions/A/CoreGraphics
0x00007fff36a69000 	/System/Library/Frameworks/Accelerate.framework/Versions/A/Accelerate
0x00007fff3d059000 	/System/Library/Frameworks/IOSurface.framework/Versions/A/IOSurface
0x00007fff4f1dc000 	/System/Library/PrivateFrameworks/DFRFoundation.framework/Versions/A/DFRFoundation
0x00007fff38f87000 	/System/Library/Frameworks/AudioToolbox.framework/Versions/A/AudioToolbox
0x00007fff39200000 	/System/Library/Frameworks/AudioUnit.framework/Versions/A/AudioUnit
0x00007fff4f271000 	/System/Library/PrivateFrameworks/DataDetectorsCore.framework/Versions/A/DataDetectorsCore
0x00007fff39915000 	/System/Library/Frameworks/Carbon.framework/Versions/A/Frameworks/HIToolbox.framework/Versions/A/HIToolbox
0x00007fff64352000 	/usr/lib/libicucore.A.dylib
0x00007fff45152000 	/System/Library/Frameworks/QuartzCore.framework/Versions/A/QuartzCore
0x00007fff39cea000 	/System/Library/Frameworks/Carbon.framework/Versions/A/Frameworks/SpeechRecognition.framework/Versions/A/SpeechRecognition
0x00007fff637b0000 	/usr/lib/libauto.dylib
0x00007fff65bf9000 	/usr/lib/libxml2.2.dylib
0x00007fff4edb7000 	/System/Library/PrivateFrameworks/CoreUI.framework/Versions/A/CoreUI
0x00007fff3a0fb000 	/System/Library/Frameworks/CoreAudio.framework/Versions/A/CoreAudio
0x00007fff3c743000 	/System/Library/Frameworks/DiskArbitration.framework/Versions/A/DiskArbitration
0x00007fff64600000 	/usr/lib/liblangid.dylib
0x00007fff59263000 	/System/Library/PrivateFrameworks/MultitouchSupport.framework/Versions/A/MultitouchSupport
0x00007fff3cfc8000 	/System/Library/Frameworks/IOKit.framework/Versions/A/IOKit
0x00007fff6321c000 	/usr/lib/libDiagnosticMessagesClient.dylib
0x00007fff3b8df000 	/System/Library/Frameworks/CoreServices.framework/Versions/A/CoreServices
0x00007fff5af20000 	/System/Library/PrivateFrameworks/PerformanceAnalysis.framework/Versions/A/PerformanceAnalysis
0x00007fff44339000 	/System/Library/Frameworks/OpenGL.framework/Versions/A/OpenGL
0x00007fff39e20000 	/System/Library/Frameworks/ColorSync.framework/Versions/A/ColorSync
0x00007fff3b161000 	/System/Library/Frameworks/CoreImage.framework/Versions/A/CoreImage
0x00007fff3c2b7000 	/System/Library/Frameworks/CoreText.framework/Versions/A/CoreText
0x00007fff3d0bc000 	/System/Library/Frameworks/ImageIO.framework/Versions/A/ImageIO
0x00007fff4b407000 	/System/Library/PrivateFrameworks/Backup.framework/Versions/A/Backup
0x00007fff63703000 	/usr/lib/libarchive.2.dylib
0x00007fff39559000 	/System/Library/Frameworks/CFNetwork.framework/Versions/A/CFNetwork
0x00007fff4633e000 	/System/Library/Frameworks/SystemConfiguration.framework/Versions/A/SystemConfiguration
0x00007fff6314d000 	/usr/lib/libCRFSuite.dylib
0x00007fff638a1000 	/usr/lib/libc++.1.dylib
0x00007fff638f5000 	/usr/lib/libc++abi.dylib
0x00007fff664fc000 	/usr/lib/system/libcache.dylib
0x00007fff66501000 	/usr/lib/system/libcommonCrypto.dylib
0x00007fff6650c000 	/usr/lib/system/libcompiler_rt.dylib
0x00007fff66514000 	/usr/lib/system/libcopyfile.dylib
0x00007fff6651e000 	/usr/lib/system/libcorecrypto.dylib
0x00007fff6662a000 	/usr/lib/system/libdispatch.dylib
0x00007fff66664000 	/usr/lib/system/libdyld.dylib
0x00007fff66691000 	/usr/lib/system/libkeymgr.dylib
0x00007fff6669f000 	/usr/lib/system/liblaunch.dylib
0x00007fff666a0000 	/usr/lib/system/libmacho.dylib
0x00007fff666a6000 	/usr/lib/system/libquarantine.dylib
0x00007fff666a9000 	/usr/lib/system/libremovefile.dylib
0x00007fff666ab000 	/usr/lib/system/libsystem_asl.dylib
0x00007fff666c3000 	/usr/lib/system/libsystem_blocks.dylib
0x00007fff666c4000 	/usr/lib/system/libsystem_c.dylib
0x00007fff6674c000 	/usr/lib/system/libsystem_configuration.dylib
0x00007fff66750000 	/usr/lib/system/libsystem_coreservices.dylib
0x00007fff66754000 	/usr/lib/system/libsystem_darwin.dylib
0x00007fff6675b000 	/usr/lib/system/libsystem_dnssd.dylib
0x00007fff66762000 	/usr/lib/system/libsystem_info.dylib
0x00007fff667d7000 	/usr/lib/system/libsystem_m.dylib
0x00007fff66823000 	/usr/lib/system/libsystem_malloc.dylib
0x00007fff6684e000 	/usr/lib/system/libsystem_networkextension.dylib
0x00007fff66859000 	/usr/lib/system/libsystem_notify.dylib
0x00007fff66876000 	/usr/lib/system/libsystem_sandbox.dylib
0x00007fff6687a000 	/usr/lib/system/libsystem_secinit.dylib
0x00007fff667ae000 	/usr/lib/system/libsystem_kernel.dylib
0x00007fff66861000 	/usr/lib/system/libsystem_platform.dylib
0x00007fff6686b000 	/usr/lib/system/libsystem_pthread.dylib
0x00007fff6687d000 	/usr/lib/system/libsystem_symptoms.dylib
0x00007fff66885000 	/usr/lib/system/libsystem_trace.dylib
0x00007fff6689c000 	/usr/lib/system/libunwind.dylib
0x00007fff668a2000 	/usr/lib/system/libxpc.dylib
0x00007fff63882000 	/usr/lib/libbsm.0.dylib
0x00007fff66692000 	/usr/lib/system/libkxld.dylib
0x00007fff4a7f7000 	/System/Library/PrivateFrameworks/AppleFSCompression.framework/Versions/A/AppleFSCompression
0x00007fff6351c000 	/usr/lib/libOpenScriptingUtil.dylib
0x00007fff63baa000 	/usr/lib/libcoretls.dylib
0x00007fff63bc1000 	/usr/lib/libcoretls_cfhelpers.dylib
0x00007fff6562d000 	/usr/lib/libpam.2.dylib
0x00007fff657ed000 	/usr/lib/libsqlite3.dylib
0x00007fff65be7000 	/usr/lib/libxar.1.dylib
0x00007fff63893000 	/usr/lib/libbz2.1.0.dylib
0x00007fff64602000 	/usr/lib/liblzma.5.dylib
0x00007fff64ab3000 	/usr/lib/libnetwork.dylib
0x00007fff636ec000 	/usr/lib/libapple_nghttp2.dylib
0x00007fff65634000 	/usr/lib/libpcap.A.dylib
0x00007fff3bc7e000 	/System/Library/Frameworks/CoreServices.framework/Versions/A/Frameworks/FSEvents.framework/Versions/A/FSEvents
0x00007fff3b95d000 	/System/Library/Frameworks/CoreServices.framework/Versions/A/Frameworks/CarbonCore.framework/Versions/A/CarbonCore
0x00007fff3be39000 	/System/Library/Frameworks/CoreServices.framework/Versions/A/Frameworks/Metadata.framework/Versions/A/Metadata
0x00007fff3bed8000 	/System/Library/Frameworks/CoreServices.framework/Versions/A/Frameworks/OSServices.framework/Versions/A/OSServices
0x00007fff3bf23000 	/System/Library/Frameworks/CoreServices.framework/Versions/A/Frameworks/SearchKit.framework/Versions/A/SearchKit
0x00007fff3b8e0000 	/System/Library/Frameworks/CoreServices.framework/Versions/A/Frameworks/AE.framework/Versions/A/AE
0x00007fff3bc87000 	/System/Library/Frameworks/CoreServices.framework/Versions/A/Frameworks/LaunchServices.framework/Versions/A/LaunchServices
0x00007fff3bc35000 	/System/Library/Frameworks/CoreServices.framework/Versions/A/Frameworks/DictionaryServices.framework/Versions/A/DictionaryServices
0x00007fff3bf8b000 	/System/Library/Frameworks/CoreServices.framework/Versions/A/Frameworks/SharedFileList.framework/Versions/A/SharedFileList
0x00007fff40314000 	/System/Library/Frameworks/NetFS.framework/Versions/A/NetFS
0x00007fff594c9000 	/System/Library/PrivateFrameworks/NetAuth.framework/Versions/A/NetAuth
0x00007fff62e81000 	/System/Library/PrivateFrameworks/login.framework/Versions/A/Frameworks/loginsupport.framework/Versions/A/loginsupport
0x00007fff60fa1000 	/System/Library/PrivateFrameworks/TCC.framework/Versions/A/TCC
0x00007fff4e414000 	/System/Library/PrivateFrameworks/CoreNLP.framework/Versions/A/CoreNLP
0x00007fff58f39000 	/System/Library/PrivateFrameworks/MetadataUtilities.framework/Versions/A/MetadataUtilities
0x00007fff646d7000 	/usr/lib/libmecabra.dylib
0x00007fff38aa5000 	/System/Library/Frameworks/ApplicationServices.framework/Versions/A/Frameworks/ATS.framework/Versions/A/ATS
0x00007fff38df4000 	/System/Library/Frameworks/ApplicationServices.framework/Versions/A/Frameworks/ColorSyncLegacy.framework/Versions/A/ColorSyncLegacy
0x00007fff38e93000 	/System/Library/Frameworks/ApplicationServices.framework/Versions/A/Frameworks/HIServices.framework/Versions/A/HIServices
0x00007fff38ee6000 	/System/Library/Frameworks/ApplicationServices.framework/Versions/A/Frameworks/LangAnalysis.framework/Versions/A/LangAnalysis
0x00007fff38ef6000 	/System/Library/Frameworks/ApplicationServices.framework/Versions/A/Frameworks/PrintCore.framework/Versions/A/PrintCore
0x00007fff38f40000 	/System/Library/Frameworks/ApplicationServices.framework/Versions/A/Frameworks/QD.framework/Versions/A/QD
0x00007fff38f7a000 	/System/Library/Frameworks/ApplicationServices.framework/Versions/A/Frameworks/SpeechSynthesis.framework/Versions/A/SpeechSynthesis
0x00007fff6391d000 	/usr/lib/libcompression.dylib
0x00007fff3f516000 	/System/Library/Frameworks/MetalPerformanceShaders.framework/Versions/A/MetalPerformanceShaders
0x00007fff36a81000 	/System/Library/Frameworks/Accelerate.framework/Versions/A/Frameworks/vImage.framework/Versions/A/vImage
0x00007fff37afb000 	/System/Library/Frameworks/Accelerate.framework/Versions/A/Frameworks/vecLib.framework/Versions/A/vecLib
0x00007fff37a47000 	/System/Library/Frameworks/Accelerate.framework/Versions/A/Frameworks/vecLib.framework/Versions/A/libvMisc.dylib
0x00007fff3785f000 	/System/Library/Frameworks/Accelerate.framework/Versions/A/Frameworks/vecLib.framework/Versions/A/libvDSP.dylib
0x00007fff3711b000 	/System/Library/Frameworks/Accelerate.framework/Versions/A/Frameworks/vecLib.framework/Versions/A/libBLAS.dylib
0x00007fff37408000 	/System/Library/Frameworks/Accelerate.framework/Versions/A/Frameworks/vecLib.framework/Versions/A/libLAPACK.dylib
0x00007fff377b2000 	/System/Library/Frameworks/Accelerate.framework/Versions/A/Frameworks/vecLib.framework/Versions/A/libLinearAlgebra.dylib
0x00007fff3784b000 	/System/Library/Frameworks/Accelerate.framework/Versions/A/Frameworks/vecLib.framework/Versions/A/libSparseBLAS.dylib
0x00007fff377c8000 	/System/Library/Frameworks/Accelerate.framework/Versions/A/Frameworks/vecLib.framework/Versions/A/libQuadrature.dylib
0x00007fff37395000 	/System/Library/Frameworks/Accelerate.framework/Versions/A/Frameworks/vecLib.framework/Versions/A/libBNNS.dylib
0x00007fff377ce000 	/System/Library/Frameworks/Accelerate.framework/Versions/A/Frameworks/vecLib.framework/Versions/A/libSparse.dylib
0x00007fff55762000 	/System/Library/PrivateFrameworks/GPUWrangler.framework/Versions/A/GPUWrangler
0x00007fff57a67000 	/System/Library/PrivateFrameworks/IOAccelerator.framework/Versions/A/IOAccelerator
0x00007fff57a72000 	/System/Library/PrivateFrameworks/IOPresentment.framework/Versions/A/IOPresentment
0x00007fff4f1ec000 	/System/Library/PrivateFrameworks/DSExternalDisplay.framework/Versions/A/DSExternalDisplay
0x00007fff43790000 	/System/Library/Frameworks/OpenGL.framework/Versions/A/Libraries/libCoreFSCache.dylib
0x00007fff3f30a000 	/System/Library/Frameworks/MetalPerformanceShaders.framework/Frameworks/MPSCore.framework/Versions/A/MPSCore
0x00007fff3f32a000 	/System/Library/Frameworks/MetalPerformanceShaders.framework/Frameworks/MPSImage.framework/Versions/A/MPSImage
0x00007fff3f3cf000 	/System/Library/Frameworks/MetalPerformanceShaders.framework/Frameworks/MPSNeuralNetwork.framework/Versions/A/MPSNeuralNetwork
0x00007fff3f3a7000 	/System/Library/Frameworks/MetalPerformanceShaders.framework/Frameworks/MPSMatrix.framework/Versions/A/MPSMatrix
0x00007fff3f4fb000 	/System/Library/Frameworks/MetalPerformanceShaders.framework/Frameworks/MPSRayIntersector.framework/Versions/A/MPSRayIntersector
0x00007fff58f62000 	/System/Library/PrivateFrameworks/MetalTools.framework/Versions/A/MetalTools
0x00007fff4a0a1000 	/System/Library/PrivateFrameworks/AggregateDictionary.framework/Versions/A/AggregateDictionary
0x00007fff634fc000 	/usr/lib/libMobileGestalt.dylib
0x00007fff3c41c000 	/System/Library/Frameworks/CoreVideo.framework/Versions/A/CoreVideo
0x00007fff56573000 	/System/Library/PrivateFrameworks/GraphVisualizer.framework/Versions/A/GraphVisualizer
0x00007fff503f2000 	/System/Library/PrivateFrameworks/FaceCore.framework/Versions/A/FaceCore
0x00007fff42dbe000 	/System/Library/Frameworks/OpenCL.framework/Versions/A/OpenCL
0x00007fff63254000 	/usr/lib/libFosl_dynamic.dylib
0x00007fff59d35000 	/System/Library/PrivateFrameworks/OTSVG.framework/Versions/A/OTSVG
0x00007fff38ba9000 	/System/Library/Frameworks/ApplicationServices.framework/Versions/A/Frameworks/ATS.framework/Versions/A/Resources/libFontParser.dylib
0x00007fff38cc1000 	/System/Library/Frameworks/ApplicationServices.framework/Versions/A/Frameworks/ATS.framework/Versions/A/Resources/libFontRegistry.dylib
0x00007fff3d32c000 	/System/Library/Frameworks/ImageIO.framework/Versions/A/Resources/libJPEG.dylib
0x00007fff3d651000 	/System/Library/Frameworks/ImageIO.framework/Versions/A/Resources/libTIFF.dylib
0x00007fff3d627000 	/System/Library/Frameworks/ImageIO.framework/Versions/A/Resources/libPng.dylib
0x00007fff3d24a000 	/System/Library/Frameworks/ImageIO.framework/Versions/A/Resources/libGIF.dylib
0x00007fff3d24f000 	/System/Library/Frameworks/ImageIO.framework/Versions/A/Resources/libJP2.dylib
0x00007fff3d64e000 	/System/Library/Frameworks/ImageIO.framework/Versions/A/Resources/libRadiance.dylib
0x00007fff4a94e000 	/System/Library/PrivateFrameworks/AppleJPEG.framework/Versions/A/AppleJPEG
0x00007fff4379b000 	/System/Library/Frameworks/OpenGL.framework/Versions/A/Libraries/libGFXShared.dylib
0x00007fff4395e000 	/System/Library/Frameworks/OpenGL.framework/Versions/A/Libraries/libGLU.dylib
0x00007fff437a4000 	/System/Library/Frameworks/OpenGL.framework/Versions/A/Libraries/libGL.dylib
0x00007fff437b0000 	/System/Library/Frameworks/OpenGL.framework/Versions/A/Libraries/libGLImage.dylib
0x00007fff4378d000 	/System/Library/Frameworks/OpenGL.framework/Versions/A/Libraries/libCVMSPluginSupport.dylib
0x00007fff43796000 	/System/Library/Frameworks/OpenGL.framework/Versions/A/Libraries/libCoreVMClient.dylib
0x00007fff6406e000 	/usr/lib/libcups.2.dylib
0x00007fff3e811000 	/System/Library/Frameworks/Kerberos.framework/Versions/A/Kerberos
0x00007fff3cd2c000 	/System/Library/Frameworks/GSS.framework/Versions/A/GSS
0x00007fff65782000 	/usr/lib/libresolv.9.dylib
0x00007fff64261000 	/usr/lib/libiconv.2.dylib
0x00007fff566e8000 	/System/Library/PrivateFrameworks/Heimdal.framework/Versions/A/Heimdal
0x00007fff64231000 	/usr/lib/libheimdal-asn1.dylib
0x00007fff42e32000 	/System/Library/Frameworks/OpenDirectory.framework/Versions/A/OpenDirectory
0x00007fff4d177000 	/System/Library/PrivateFrameworks/CommonAuth.framework/Versions/A/CommonAuth
0x00007fff42e16000 	/System/Library/Frameworks/OpenDirectory.framework/Versions/A/Frameworks/CFOpenDirectory.framework/Versions/A/CFOpenDirectory
0x00007fff45ee3000 	/System/Library/Frameworks/SecurityFoundation.framework/Versions/A/SecurityFoundation
0x00007fff495e7000 	/System/Library/PrivateFrameworks/APFS.framework/Versions/A/APFS
0x00007fff65be3000 	/usr/lib/libutil.dylib
0x00007fff6390b000 	/usr/lib/libcharset.1.dylib
0x00007fff4abeb000 	/System/Library/PrivateFrameworks/AppleSauce.framework/Versions/A/AppleSauce
0x00007fff4ad6c000 	/System/Library/PrivateFrameworks/AssertionServices.framework/Versions/A/AssertionServices
0x00007fff4b49d000 	/System/Library/PrivateFrameworks/BaseBoard.framework/Versions/A/BaseBoard
0x00007fff64632000 	/usr/lib/libmecab.1.0.0.dylib
0x00007fff6422b000 	/usr/lib/libgermantok.dylib
0x00007fff636d9000 	/usr/lib/libThaiTokenizer.dylib
0x00007fff63184000 	/usr/lib/libChineseTokenizer.dylib
0x00007fff5811f000 	/System/Library/PrivateFrameworks/LanguageModeling.framework/Versions/A/LanguageModeling
0x00007fff4de59000 	/System/Library/PrivateFrameworks/CoreEmoji.framework/Versions/A/CoreEmoji
0x00007fff581fb000 	/System/Library/PrivateFrameworks/Lexicon.framework/Versions/A/Lexicon
0x00007fff5823e000 	/System/Library/PrivateFrameworks/LinguisticData.framework/Versions/A/LinguisticData
0x00007fff6390c000 	/usr/lib/libcmph.dylib
0x00007fff45fa1000 	/System/Library/Frameworks/ServiceManagement.framework/Versions/A/ServiceManagement
0x00007fff4b3fe000 	/System/Library/PrivateFrameworks/BackgroundTaskManagement.framework/Versions/A/BackgroundTaskManagement
0x00007fff65cdd000 	/usr/lib/libxslt.1.dylib
0x00007fff39c17000 	/System/Library/Frameworks/Carbon.framework/Versions/A/Frameworks/Ink.framework/Versions/A/Ink
0x00007fff61213000 	/System/Library/PrivateFrameworks/TextureIO.framework/Versions/A/TextureIO
0x00007fff6372d000 	/usr/lib/libate.dylib
0x00007fff4f13b000 	/System/Library/PrivateFrameworks/CrashReporterSupport.framework/Versions/A/CrashReporterSupport
0x00007fff5e94d000 	/System/Library/PrivateFrameworks/Sharing.framework/Versions/A/Sharing
0x00007fff4b150000 	/System/Library/PrivateFrameworks/AuthKit.framework/Versions/A/AuthKit
0x00007fff4a6a3000 	/System/Library/PrivateFrameworks/Apple80211.framework/Versions/A/Apple80211
0x00007fff4eee3000 	/System/Library/PrivateFrameworks/CoreUtils.framework/Versions/A/CoreUtils
0x00007fff3c45d000 	/System/Library/Frameworks/CoreWLAN.framework/Versions/A/CoreWLAN
0x00007fff3ce5b000 	/System/Library/Frameworks/IOBluetooth.framework/Versions/A/IOBluetooth
0x00007fff5cdc1000 	/System/Library/PrivateFrameworks/ProtocolBuffer.framework/Versions/A/ProtocolBuffer
0x00007fff591bf000 	/System/Library/PrivateFrameworks/MobileKeyBag.framework/Versions/A/MobileKeyBag
0x00007fff4e727000 	/System/Library/PrivateFrameworks/CorePhoneNumbers.framework/Versions/A/CorePhoneNumbers
0x00007fff4a902000 	/System/Library/PrivateFrameworks/AppleIDAuthSupport.framework/Versions/A/AppleIDAuthSupport
0x00007fff580f2000 	/System/Library/PrivateFrameworks/KeychainCircle.framework/Versions/A/KeychainCircle
0x00007fff5cf77000 	/System/Library/PrivateFrameworks/ROCKit.framework/Versions/A/ROCKit
0x00007fff4f0d7000 	/System/Library/PrivateFrameworks/CoreWiFi.framework/Versions/A/CoreWiFi
0x00007fff3a1e5000 	/System/Library/Frameworks/CoreBluetooth.framework/Versions/A/CoreBluetooth
0x00007fff4f332000 	/System/Library/PrivateFrameworks/DebugSymbols.framework/Versions/A/DebugSymbols
0x00007fff4eca3000 	/System/Library/PrivateFrameworks/CoreSymbolication.framework/Versions/A/CoreSymbolication
0x00007fff60a30000 	/System/Library/PrivateFrameworks/Symbolication.framework/Versions/A/Symbolication
0x00007fff602d3000 	/System/Library/PrivateFrameworks/SpeechRecognitionCore.framework/Versions/A/SpeechRecognitionCore
0x000000010529b000 	/Users/basejump/.sdkman/candidates/java/8.0.312-zulu/zulu-8.jdk/Contents/Home/jre/lib/server/libjvm.dylib
0x0000000103fac000 	/Users/basejump/.sdkman/candidates/java/8.0.312-zulu/zulu-8.jdk/Contents/Home/jre/lib/libverify.dylib
0x0000000103fbd000 	/Users/basejump/.sdkman/candidates/java/8.0.312-zulu/zulu-8.jdk/Contents/Home/jre/lib/libjava.dylib
0x0000000105001000 	/Users/basejump/.sdkman/candidates/java/8.0.312-zulu/zulu-8.jdk/Contents/Home/jre/lib/libjdwp.dylib
0x000000010504b000 	/Users/basejump/.sdkman/candidates/java/8.0.312-zulu/zulu-8.jdk/Contents/Home/jre/lib/libnpt.dylib
0x00000001050b7000 	/Users/basejump/.sdkman/candidates/java/8.0.312-zulu/zulu-8.jdk/Contents/Home/jre/lib/libzip.dylib
0x000000011972d000 	/Users/basejump/.sdkman/candidates/java/8.0.312-zulu/zulu-8.jdk/Contents/Home/jre/lib/libnio.dylib
0x0000000119745000 	/Users/basejump/.sdkman/candidates/java/8.0.312-zulu/zulu-8.jdk/Contents/Home/jre/lib/./libnet.dylib
0x00000001197f1000 	/Users/basejump/.sdkman/candidates/java/8.0.312-zulu/zulu-8.jdk/Contents/Home/jre/lib/libdt_socket.dylib

VM Arguments:
jvm_args: -Dgradle.projectDir=/Users/basejump/github/yak/gorm-tools/examples/restify -Dgradle.rootProjectDir=/Users/basejump/github/yak/gorm-tools -Dgrails.env=test -Dgrails.full.stacktrace -Dinfo.app.grailsVersion=4.0.12 -Dinfo.app.name=restify -Dinfo.app.version=7.0.8-v.38-SNAPSHOT -Djava.security.manager=worker.org.gradle.process.internal.worker.child.BootstrapSecurityManager -Dorg.gradle.native=false -XX:+TieredCompilation -XX:TieredStopAtLevel=1 -XX:CICompilerCount=3 -agentlib:jdwp=transport=dt_socket,server=n,suspend=y,address=127.0.0.1:55330 -Xms768m -Xmx768m -Dfile.encoding=UTF-8 -Duser.country=US -Duser.language=en -Duser.variant -ea 
java_command: worker.org.gradle.process.internal.worker.GradleWorkerMain 'Gradle Test Executor 90'
java_class_path (initial): /Users/basejump/.gradle/caches/5.6.4/workerMain/gradle-worker.jar
Launcher Type: SUN_STANDARD

Environment Variables:
JAVA_HOME=/Users/basejump/.sdkman/candidates/java/current
PATH=/Users/basejump/.sdkman/candidates/java/current/bin:/Users/basejump/.sdkman/candidates/groovy/current/bin:/Users/basejump/.sdkman/candidates/grails/current/bin:/Users/basejump/.sdkman/candidates/gradle/current/bin:/usr/local/opt/make/libexec/gnubin:/usr/local/bin:/usr/bin:/bin:/usr/sbin:/sbin:/Applications/VMware Fusion.app/Contents/Public:/usr/local/MacGPG2/bin:/Users/basejump/go/bin:/usr/local/opt/go/libexec/bin
SHELL=/usr/local/bin/bash

Signal Handlers:
SIGSEGV: [libjvm.dylib+0x5b2935], sa_mask[0]=11111111011111110111111111111111, sa_flags=SA_ONSTACK|SA_RESTART|SA_SIGINFO
SIGBUS: [libjvm.dylib+0x5b2935], sa_mask[0]=11111111011111110111111111111111, sa_flags=SA_RESTART|SA_SIGINFO
SIGFPE: [libjvm.dylib+0x4a1701], sa_mask[0]=11111111011111110111111111111111, sa_flags=SA_RESTART|SA_SIGINFO
SIGPIPE: [libjvm.dylib+0x4a1701], sa_mask[0]=11111111011111110111111111111111, sa_flags=SA_RESTART|SA_SIGINFO
SIGXFSZ: [libjvm.dylib+0x4a1701], sa_mask[0]=11111111011111110111111111111111, sa_flags=SA_RESTART|SA_SIGINFO
SIGILL: [libjvm.dylib+0x4a1701], sa_mask[0]=11111111011111110111111111111111, sa_flags=SA_RESTART|SA_SIGINFO
SIGUSR1: SIG_DFL, sa_mask[0]=00000000000000000000000000000000, sa_flags=none
SIGUSR2: [libjvm.dylib+0x4a1ff0], sa_mask[0]=00100000000000000000000000000000, sa_flags=SA_RESTART|SA_SIGINFO
SIGHUP: [libjvm.dylib+0x4a013f], sa_mask[0]=11111111011111110111111111111111, sa_flags=SA_RESTART|SA_SIGINFO
SIGINT: [libjvm.dylib+0x4a013f], sa_mask[0]=11111111011111110111111111111111, sa_flags=SA_RESTART|SA_SIGINFO
SIGTERM: [libjvm.dylib+0x4a013f], sa_mask[0]=11111111011111110111111111111111, sa_flags=SA_RESTART|SA_SIGINFO
SIGQUIT: [libjvm.dylib+0x4a013f], sa_mask[0]=11111111011111110111111111111111, sa_flags=SA_RESTART|SA_SIGINFO


---------------  S Y S T E M  ---------------

OS:Bsduname:Darwin 18.7.0 Darwin Kernel Version 18.7.0: Mon May  3 20:41:19 PDT 2021; root:xnu-4903.278.68~1/RELEASE_X86_64 x86_64
rlimit: STACK 8192k, CORE 0k, NPROC 1418, NOFILE 10240, AS infinity
load average:3.14 3.21 4.08

CPU:total 8 (initial active 8) (4 cores per cpu, 2 threads per core) family 6 model 94 stepping 3, cmov, cx8, fxsr, mmx, sse, sse2, sse3, ssse3, sse4.1, sse4.2, popcnt, avx, avx2, aes, clmul, erms, rtm, 3dnowpref, lzcnt, ht, tsc, tscinvbit, bmi1, bmi2, adx

Memory: 4k page, physical 16777216k(45800k free)

/proc/meminfo:


vm_info: OpenJDK 64-Bit Server VM (25.312-b07) for bsd-amd64 JRE (Zulu 8.58.0.13-CA-macosx) (1.8.0_312-b07), built on Oct  8 2021 23:50:25 by "zulu_re" with gcc 4.2.1 Compatible Apple LLVM 11.0.0 (clang-1100.0.33.17)

time: Thu Nov  4 00:18:02 2021
timezone: MDT
elapsed time: 3.053939 seconds (0d 0h 0m 3s)

